

Version:	3.6
CmdLine:	C:\Users\Public\JDev\HTWB\HTWB\dest\skosy.exe --l4j-debug
WOW64:		yes
Working dir:	C:\Users\Public\JDev\HTWB\HTWB\dest\.
64-bit search:	SOFTWARE\JavaSoft\Java Runtime Environment...
Check:		SOFTWARE\JavaSoft\Java Runtime Environment\1.7
Check launcher:	C:\Program Files\Java\jre7\bin\javaw.exe (OK)
Match:		1.7
Check:		SOFTWARE\JavaSoft\Java Runtime Environment\1.7.0_51
Check launcher:	C:\Program Files\Java\jre7\bin\javaw.exe (OK)
Match:		1.7.0_51
Runtime used:	1.7.0_51 (64-bit)
Launcher:	C:\Program Files\Java\jre7\bin\javaw.exe
Launcher args:	-jar "C:\Users\Public\JDev\HTWB\HTWB\dest\skosy.exe"
Args length:	52/32768 chars
Error msg:	An error occurred while starting the application.


Version:	3.6
CmdLine:	C:\Users\Public\JDev\HTWB\HTWB\dest\skosy.exe --l4j-debug
WOW64:		yes
Working dir:	C:\Users\Public\JDev\HTWB\HTWB\dest\.
64-bit search:	SOFTWARE\JavaSoft\Java Runtime Environment...
Check:		SOFTWARE\JavaSoft\Java Runtime Environment\1.7
Check launcher:	C:\Program Files\Java\jre7\bin\javaw.exe (OK)
Match:		1.7
Check:		SOFTWARE\JavaSoft\Java Runtime Environment\1.7.0_51
Check launcher:	C:\Program Files\Java\jre7\bin\javaw.exe (OK)
Match:		1.7.0_51
Runtime used:	1.7.0_51 (64-bit)
Launcher:	C:\Program Files\Java\jre7\bin\javaw.exe
Launcher args:	-jar "C:\Users\Public\JDev\HTWB\HTWB\dest\skosy.exe"
Args length:	52/32768 chars
Error msg:	An error occurred while starting the application.


Version:	3.6
CmdLine:	C:\Users\Public\JDev\HTWB\HTWB\dest\skosy.exe --l4j-debug
WOW64:		yes
Working dir:	C:\Users\Public\JDev\HTWB\HTWB\dest\.
64-bit search:	SOFTWARE\JavaSoft\Java Runtime Environment...
Check:		SOFTWARE\JavaSoft\Java Runtime Environment\1.7
Check launcher:	C:\Program Files\Java\jre7\bin\javaw.exe (OK)
Match:		1.7
Check:		SOFTWARE\JavaSoft\Java Runtime Environment\1.7.0_51
Check launcher:	C:\Program Files\Java\jre7\bin\javaw.exe (OK)
Match:		1.7.0_51
Runtime used:	1.7.0_51 (64-bit)
Add classpath:	HTWB.jar
Add classpath:	lib\*
      "      :	lib\.
      "      :	lib\..
      "      :	lib\com.ibm.icu_4.4.2.v20110208.jar
      "      :	lib\commons-logging.jar
      "      :	lib\iri.jar
      "      :	lib\jena.jar
      "      :	lib\org.eclipse.core.databinding.beans_1.2.100.I20100824-0800.jar
      "      :	lib\org.eclipse.core.databinding.observable_1.4.0.I20110222-0800.jar
      "      :	lib\org.eclipse.core.databinding.property_1.4.0.I20110222-0800.jar
      "      :	lib\org.eclipse.core.databinding_1.4.0.I20110111-0800.jar
      "      :	lib\org.eclipse.equinox.common_3.6.0.v20110523.jar
      "      :	lib\org.eclipse.jface.databinding_1.5.0.I20100907-0800.jar
      "      :	lib\org.eclipse.swt.win32.win32.x86_64.source_3.7.1.v3738a.jar
      "      :	lib\org.eclipse.swt.win32.win32.x86_64_3.7.1.v3738a.jar
      "      :	lib\org.eclipse.swt_3.7.1.v3738a.jar
      "      :	lib\xercesImpl.jar
Launcher:	C:\Program Files\Java\jre7\bin\javaw.exe
Launcher args:	-classpath "C:\Users\Public\JDev\HTWB\HTWB\dest\skosy.exe;HTWB.jar;lib\.;lib\..;lib\com.ibm.icu_4.4.2.v20110208.jar;lib\commons-logging.jar;lib\iri.jar;lib\jena.jar;lib\org.eclipse.core.databinding.beans_1.2.100.I20100824-0800.jar;lib\org.eclipse.core.databinding.observable_1.4.0.I20110222-0800.jar;lib\org.eclipse.core.databinding.property_1.4.0.I20110222-0800.jar;lib\org.eclipse.core.databinding_1.4.0.I20110111-0800.jar;lib\org.eclipse.equinox.common_3.6.0.v20110523.jar;lib\org.eclipse.jface.databinding_1.5.0.I20100907-0800.jar;lib\org.eclipse.swt.win32.win32.x86_64.source_3.7.1.v3738a.jar;lib\org.eclipse.swt.win32.win32.x86_64_3.7.1.v3738a.jar;lib\org.eclipse.swt_3.7.1.v3738a.jar;lib\xercesImpl.jar" de.hsh.HTWB
Args length:	722/32768 chars
Error msg:	An error occurred while starting the application.


Version:	3.6
CmdLine:	C:\Users\Public\JDev\HTWB\HTWB\dest\skosy.exe --l4j-debug
WOW64:		yes
Working dir:	C:\Users\Public\JDev\HTWB\HTWB\dest\.
64-bit search:	SOFTWARE\JavaSoft\Java Runtime Environment...
Check:		SOFTWARE\JavaSoft\Java Runtime Environment\1.7
Check launcher:	C:\Program Files\Java\jre7\bin\javaw.exe (OK)
Match:		1.7
Check:		SOFTWARE\JavaSoft\Java Runtime Environment\1.7.0_51
Check launcher:	C:\Program Files\Java\jre7\bin\javaw.exe (OK)
Match:		1.7.0_51
Runtime used:	1.7.0_51 (64-bit)
Add classpath:	HTWB.jar
Add classpath:	lib\*
      "      :	lib\.
      "      :	lib\..
      "      :	lib\com.ibm.icu_4.4.2.v20110208.jar
      "      :	lib\commons-logging.jar
      "      :	lib\iri.jar
      "      :	lib\jena.jar
      "      :	lib\org.eclipse.core.databinding.beans_1.2.100.I20100824-0800.jar
      "      :	lib\org.eclipse.core.databinding.observable_1.4.0.I20110222-0800.jar
      "      :	lib\org.eclipse.core.databinding.property_1.4.0.I20110222-0800.jar
      "      :	lib\org.eclipse.core.databinding_1.4.0.I20110111-0800.jar
      "      :	lib\org.eclipse.equinox.common_3.6.0.v20110523.jar
      "      :	lib\org.eclipse.jface.databinding_1.5.0.I20100907-0800.jar
      "      :	lib\org.eclipse.swt.win32.win32.x86_64.source_3.7.1.v3738a.jar
      "      :	lib\org.eclipse.swt.win32.win32.x86_64_3.7.1.v3738a.jar
      "      :	lib\org.eclipse.swt_3.7.1.v3738a.jar
      "      :	lib\xercesImpl.jar
Launcher:	C:\Program Files\Java\jre7\bin\javaw.exe
Launcher args:	-classpath "C:\Users\Public\JDev\HTWB\HTWB\dest\skosy.exe;HTWB.jar;lib\.;lib\..;lib\com.ibm.icu_4.4.2.v20110208.jar;lib\commons-logging.jar;lib\iri.jar;lib\jena.jar;lib\org.eclipse.core.databinding.beans_1.2.100.I20100824-0800.jar;lib\org.eclipse.core.databinding.observable_1.4.0.I20110222-0800.jar;lib\org.eclipse.core.databinding.property_1.4.0.I20110222-0800.jar;lib\org.eclipse.core.databinding_1.4.0.I20110111-0800.jar;lib\org.eclipse.equinox.common_3.6.0.v20110523.jar;lib\org.eclipse.jface.databinding_1.5.0.I20100907-0800.jar;lib\org.eclipse.swt.win32.win32.x86_64.source_3.7.1.v3738a.jar;lib\org.eclipse.swt.win32.win32.x86_64_3.7.1.v3738a.jar;lib\org.eclipse.swt_3.7.1.v3738a.jar;lib\xercesImpl.jar" de.hsh.HTWB
Args length:	722/32768 chars
Exit code:	0


Version:	3.6
CmdLine:	C:\Users\Public\JDev\HTWB\HTWB\dest\skosy.exe --l4j-debug
WOW64:		yes
Working dir:	C:\Users\Public\JDev\HTWB\HTWB\dest\.
64-bit search:	SOFTWARE\JavaSoft\Java Runtime Environment...
Check:		SOFTWARE\JavaSoft\Java Runtime Environment\1.7
Check launcher:	C:\Program Files\Java\jre7\bin\javaw.exe (OK)
Match:		1.7
Check:		SOFTWARE\JavaSoft\Java Runtime Environment\1.7.0_51
Check launcher:	C:\Program Files\Java\jre7\bin\javaw.exe (OK)
Match:		1.7.0_51
Runtime used:	1.7.0_51 (64-bit)
Add classpath:	HTWB.jar
Add classpath:	lib\*
      "      :	lib\.
      "      :	lib\..
      "      :	lib\com.ibm.icu_4.4.2.v20110208.jar
      "      :	lib\commons-logging.jar
      "      :	lib\iri.jar
      "      :	lib\jena.jar
      "      :	lib\org.eclipse.core.databinding.beans_1.2.100.I20100824-0800.jar
      "      :	lib\org.eclipse.core.databinding.observable_1.4.0.I20110222-0800.jar
      "      :	lib\org.eclipse.core.databinding.property_1.4.0.I20110222-0800.jar
      "      :	lib\org.eclipse.core.databinding_1.4.0.I20110111-0800.jar
      "      :	lib\org.eclipse.equinox.common_3.6.0.v20110523.jar
      "      :	lib\org.eclipse.jface.databinding_1.5.0.I20100907-0800.jar
      "      :	lib\org.eclipse.swt.win32.win32.x86_64.source_3.7.1.v3738a.jar
      "      :	lib\org.eclipse.swt.win32.win32.x86_64_3.7.1.v3738a.jar
      "      :	lib\org.eclipse.swt_3.7.1.v3738a.jar
      "      :	lib\xercesImpl.jar
Launcher:	C:\Program Files\Java\jre7\bin\javaw.exe
Launcher args:	-classpath "C:\Users\Public\JDev\HTWB\HTWB\dest\skosy.exe;HTWB.jar;lib\.;lib\..;lib\com.ibm.icu_4.4.2.v20110208.jar;lib\commons-logging.jar;lib\iri.jar;lib\jena.jar;lib\org.eclipse.core.databinding.beans_1.2.100.I20100824-0800.jar;lib\org.eclipse.core.databinding.observable_1.4.0.I20110222-0800.jar;lib\org.eclipse.core.databinding.property_1.4.0.I20110222-0800.jar;lib\org.eclipse.core.databinding_1.4.0.I20110111-0800.jar;lib\org.eclipse.equinox.common_3.6.0.v20110523.jar;lib\org.eclipse.jface.databinding_1.5.0.I20100907-0800.jar;lib\org.eclipse.swt.win32.win32.x86_64.source_3.7.1.v3738a.jar;lib\org.eclipse.swt.win32.win32.x86_64_3.7.1.v3738a.jar;lib\org.eclipse.swt_3.7.1.v3738a.jar;lib\xercesImpl.jar" de.hsh.HTWB
Args length:	722/32768 chars
Exit code:	259
